[2026-02-01T17:50:36.040+0000] {manager.py:470} INFO - Processing files using up to 2 processes at a time 
[2026-02-01T17:50:36.043+0000] {manager.py:471} INFO - Process each file at most once every 30 seconds
[2026-02-01T17:50:36.044+0000] {manager.py:472} INFO - Checking for new files in /opt/airflow/dags every 300 seconds
[2026-02-01T17:50:36.045+0000] {manager.py:737} INFO - Searching for files in /opt/airflow/dags
[2026-02-01T17:50:36.073+0000] {manager.py:740} INFO - There are 1 files in /opt/airflow/dags
[2026-02-01T17:50:36.142+0000] {manager.py:878} INFO - 
================================================================================
DAG File Processing Stats

File Path                             PID  Runtime      # DAGs    # Errors  Last Runtime    Last Run
----------------------------------  -----  ---------  --------  ----------  --------------  ----------
/opt/airflow/dags/dag_pets_json.py     49  0.03s             0           0
================================================================================
[2026-02-01T17:51:06.458+0000] {manager.py:878} INFO - 
================================================================================
DAG File Processing Stats

File Path                             PID  Runtime      # DAGs    # Errors  Last Runtime    Last Run
----------------------------------  -----  ---------  --------  ----------  --------------  -------------------
/opt/airflow/dags/dag_pets_json.py     50  0.01s             1           0  0.17s           2026-02-01T17:50:36
================================================================================
[2026-02-01T17:51:36.969+0000] {manager.py:878} INFO - 
================================================================================
DAG File Processing Stats

File Path                             PID  Runtime      # DAGs    # Errors  Last Runtime    Last Run
----------------------------------  -----  ---------  --------  ----------  --------------  -------------------
/opt/airflow/dags/dag_pets_json.py     51  0.00s             1           0  0.38s           2026-02-01T17:51:06
================================================================================
[2026-02-01T17:52:07.680+0000] {manager.py:878} INFO - 
================================================================================
DAG File Processing Stats

File Path                             PID  Runtime      # DAGs    # Errors  Last Runtime    Last Run
----------------------------------  -----  ---------  --------  ----------  --------------  -------------------
/opt/airflow/dags/dag_pets_json.py     52  0.01s             1           0  0.28s           2026-02-01T17:51:37
================================================================================
[2026-02-01T17:52:38.050+0000] {manager.py:878} INFO - 
================================================================================
DAG File Processing Stats

File Path                             PID  Runtime      # DAGs    # Errors  Last Runtime    Last Run
----------------------------------  -----  ---------  --------  ----------  --------------  -------------------
/opt/airflow/dags/dag_pets_json.py     53  0.00s             1           0  0.17s           2026-02-01T17:52:07
================================================================================
[2026-02-01T17:53:08.453+0000] {manager.py:878} INFO - 
================================================================================
DAG File Processing Stats

File Path                             PID  Runtime      # DAGs    # Errors  Last Runtime    Last Run
----------------------------------  -----  ---------  --------  ----------  --------------  -------------------
/opt/airflow/dags/dag_pets_json.py     54  0.01s             1           0  0.20s           2026-02-01T17:52:38
================================================================================
[2026-02-01T17:53:38.849+0000] {manager.py:878} INFO - 
================================================================================
DAG File Processing Stats

File Path                             PID  Runtime      # DAGs    # Errors  Last Runtime    Last Run
----------------------------------  -----  ---------  --------  ----------  --------------  -------------------
/opt/airflow/dags/dag_pets_json.py     55  0.00s             1           0  0.16s           2026-02-01T17:53:08
================================================================================
[2026-02-01T17:54:09.179+0000] {manager.py:878} INFO - 
================================================================================
DAG File Processing Stats

File Path                             PID  Runtime      # DAGs    # Errors  Last Runtime    Last Run
----------------------------------  -----  ---------  --------  ----------  --------------  -------------------
/opt/airflow/dags/dag_pets_json.py     56  0.00s             1           0  0.18s           2026-02-01T17:53:39
================================================================================
[2026-02-01T17:54:39.617+0000] {manager.py:878} INFO - 
================================================================================
DAG File Processing Stats

File Path                             PID  Runtime      # DAGs    # Errors  Last Runtime    Last Run
----------------------------------  -----  ---------  --------  ----------  --------------  -------------------
/opt/airflow/dags/dag_pets_json.py     57  0.01s             1           0  0.17s           2026-02-01T17:54:09
================================================================================
[2026-02-01T17:55:09.933+0000] {manager.py:878} INFO - 
================================================================================
DAG File Processing Stats

File Path                             PID  Runtime      # DAGs    # Errors  Last Runtime    Last Run
----------------------------------  -----  ---------  --------  ----------  --------------  -------------------
/opt/airflow/dags/dag_pets_json.py     58  0.01s             1           0  0.23s           2026-02-01T17:54:39
================================================================================
[2026-02-01T17:55:36.168+0000] {manager.py:737} INFO - Searching for files in /opt/airflow/dags
[2026-02-01T17:55:36.242+0000] {manager.py:740} INFO - There are 1 files in /opt/airflow/dags
[2026-02-01T17:55:40.344+0000] {manager.py:878} INFO - 
================================================================================
DAG File Processing Stats

File Path                             PID  Runtime      # DAGs    # Errors  Last Runtime    Last Run
----------------------------------  -----  ---------  --------  ----------  --------------  -------------------
/opt/airflow/dags/dag_pets_json.py     59  0.00s             1           0  0.20s           2026-02-01T17:55:10
================================================================================
[2026-02-01T17:56:10.773+0000] {manager.py:878} INFO - 
================================================================================
DAG File Processing Stats

File Path                             PID  Runtime      # DAGs    # Errors  Last Runtime    Last Run
----------------------------------  -----  ---------  --------  ----------  --------------  -------------------
/opt/airflow/dags/dag_pets_json.py     60  0.01s             1           0  0.19s           2026-02-01T17:55:40
================================================================================
[2026-02-01T17:56:41.203+0000] {manager.py:878} INFO - 
================================================================================
DAG File Processing Stats

File Path                             PID  Runtime      # DAGs    # Errors  Last Runtime    Last Run
----------------------------------  -----  ---------  --------  ----------  --------------  -------------------
/opt/airflow/dags/dag_pets_json.py     61  0.01s             1           0  0.23s           2026-02-01T17:56:10
================================================================================
[2026-02-01T17:57:11.609+0000] {manager.py:878} INFO - 
================================================================================
DAG File Processing Stats

File Path                             PID  Runtime      # DAGs    # Errors  Last Runtime    Last Run
----------------------------------  -----  ---------  --------  ----------  --------------  -------------------
/opt/airflow/dags/dag_pets_json.py     62  0.00s             1           0  0.21s           2026-02-01T17:56:41
================================================================================
[2026-02-01T17:57:42.020+0000] {manager.py:878} INFO - 
================================================================================
DAG File Processing Stats

File Path                             PID  Runtime      # DAGs    # Errors  Last Runtime    Last Run
----------------------------------  -----  ---------  --------  ----------  --------------  -------------------
/opt/airflow/dags/dag_pets_json.py     63  0.01s             1           0  0.33s           2026-02-01T17:57:11
================================================================================
[2026-02-01T17:58:12.586+0000] {manager.py:878} INFO - 
================================================================================
DAG File Processing Stats

File Path                             PID  Runtime      # DAGs    # Errors  Last Runtime    Last Run
----------------------------------  -----  ---------  --------  ----------  --------------  -------------------
/opt/airflow/dags/dag_pets_json.py     64  0.01s             1           0  0.28s           2026-02-01T17:57:42
================================================================================
[2026-02-01T17:58:42.964+0000] {manager.py:878} INFO - 
================================================================================
DAG File Processing Stats

File Path                             PID  Runtime      # DAGs    # Errors  Last Runtime    Last Run
----------------------------------  -----  ---------  --------  ----------  --------------  -------------------
/opt/airflow/dags/dag_pets_json.py     65  0.00s             1           0  0.29s           2026-02-01T17:58:12
================================================================================
[2026-02-01T17:59:13.436+0000] {manager.py:878} INFO - 
================================================================================
DAG File Processing Stats

File Path                             PID  Runtime      # DAGs    # Errors  Last Runtime    Last Run
----------------------------------  -----  ---------  --------  ----------  --------------  -------------------
/opt/airflow/dags/dag_pets_json.py     66  0.00s             1           0  0.27s           2026-02-01T17:58:43
================================================================================
[2026-02-01T17:59:15.576+0000] {manager.py:452} INFO - Exiting gracefully upon receiving signal 15
