[2026-02-01T17:50:36.133+0000] {processor.py:161} INFO - Started process (PID=49) to work on /opt/airflow/dags/dag_pets_json.py
[2026-02-01T17:50:36.134+0000] {processor.py:830} INFO - Processing file /opt/airflow/dags/dag_pets_json.py for tasks to queue
[2026-02-01T17:50:36.136+0000] {logging_mixin.py:188} INFO - [2026-02-01T17:50:36.136+0000] {dagbag.py:545} INFO - Filling up the DagBag from /opt/airflow/dags/dag_pets_json.py
[2026-02-01T17:50:36.206+0000] {processor.py:840} INFO - DAG(s) 'dag_pets_json' retrieved from /opt/airflow/dags/dag_pets_json.py
[2026-02-01T17:50:36.230+0000] {logging_mixin.py:188} INFO - [2026-02-01T17:50:36.230+0000] {dag.py:3089} INFO - Sync 1 DAGs
[2026-02-01T17:50:36.240+0000] {logging_mixin.py:188} INFO - [2026-02-01T17:50:36.240+0000] {dag.py:3947} INFO - Setting next_dagrun for dag_pets_json to None, run_after=None
[2026-02-01T17:50:36.271+0000] {processor.py:183} INFO - Processing /opt/airflow/dags/dag_pets_json.py took 0.142 seconds
[2026-02-01T17:51:06.511+0000] {processor.py:161} INFO - Started process (PID=50) to work on /opt/airflow/dags/dag_pets_json.py
[2026-02-01T17:51:06.513+0000] {processor.py:830} INFO - Processing file /opt/airflow/dags/dag_pets_json.py for tasks to queue
[2026-02-01T17:51:06.518+0000] {logging_mixin.py:188} INFO - [2026-02-01T17:51:06.517+0000] {dagbag.py:545} INFO - Filling up the DagBag from /opt/airflow/dags/dag_pets_json.py
[2026-02-01T17:51:06.601+0000] {processor.py:840} INFO - DAG(s) 'dag_pets_json' retrieved from /opt/airflow/dags/dag_pets_json.py
[2026-02-01T17:51:06.770+0000] {logging_mixin.py:188} INFO - [2026-02-01T17:51:06.770+0000] {dag.py:3089} INFO - Sync 1 DAGs
[2026-02-01T17:51:06.783+0000] {logging_mixin.py:188} INFO - [2026-02-01T17:51:06.783+0000] {dag.py:3947} INFO - Setting next_dagrun for dag_pets_json to None, run_after=None
[2026-02-01T17:51:06.819+0000] {processor.py:183} INFO - Processing /opt/airflow/dags/dag_pets_json.py took 0.317 seconds
[2026-02-01T17:51:37.037+0000] {processor.py:161} INFO - Started process (PID=51) to work on /opt/airflow/dags/dag_pets_json.py
[2026-02-01T17:51:37.040+0000] {processor.py:830} INFO - Processing file /opt/airflow/dags/dag_pets_json.py for tasks to queue
[2026-02-01T17:51:37.043+0000] {logging_mixin.py:188} INFO - [2026-02-01T17:51:37.043+0000] {dagbag.py:545} INFO - Filling up the DagBag from /opt/airflow/dags/dag_pets_json.py
[2026-02-01T17:51:37.161+0000] {processor.py:840} INFO - DAG(s) 'dag_pets_json' retrieved from /opt/airflow/dags/dag_pets_json.py
[2026-02-01T17:51:37.192+0000] {logging_mixin.py:188} INFO - [2026-02-01T17:51:37.192+0000] {dag.py:3089} INFO - Sync 1 DAGs
[2026-02-01T17:51:37.207+0000] {logging_mixin.py:188} INFO - [2026-02-01T17:51:37.206+0000] {dag.py:3947} INFO - Setting next_dagrun for dag_pets_json to None, run_after=None
[2026-02-01T17:51:37.234+0000] {processor.py:183} INFO - Processing /opt/airflow/dags/dag_pets_json.py took 0.202 seconds
[2026-02-01T17:52:07.718+0000] {processor.py:161} INFO - Started process (PID=52) to work on /opt/airflow/dags/dag_pets_json.py
[2026-02-01T17:52:07.720+0000] {processor.py:830} INFO - Processing file /opt/airflow/dags/dag_pets_json.py for tasks to queue
[2026-02-01T17:52:07.723+0000] {logging_mixin.py:188} INFO - [2026-02-01T17:52:07.723+0000] {dagbag.py:545} INFO - Filling up the DagBag from /opt/airflow/dags/dag_pets_json.py
[2026-02-01T17:52:07.779+0000] {processor.py:840} INFO - DAG(s) 'dag_pets_json' retrieved from /opt/airflow/dags/dag_pets_json.py
[2026-02-01T17:52:07.807+0000] {logging_mixin.py:188} INFO - [2026-02-01T17:52:07.807+0000] {dag.py:3089} INFO - Sync 1 DAGs
[2026-02-01T17:52:07.816+0000] {logging_mixin.py:188} INFO - [2026-02-01T17:52:07.816+0000] {dag.py:3947} INFO - Setting next_dagrun for dag_pets_json to None, run_after=None
[2026-02-01T17:52:07.839+0000] {processor.py:183} INFO - Processing /opt/airflow/dags/dag_pets_json.py took 0.131 seconds
[2026-02-01T17:52:38.084+0000] {processor.py:161} INFO - Started process (PID=53) to work on /opt/airflow/dags/dag_pets_json.py
[2026-02-01T17:52:38.085+0000] {processor.py:830} INFO - Processing file /opt/airflow/dags/dag_pets_json.py for tasks to queue
[2026-02-01T17:52:38.088+0000] {logging_mixin.py:188} INFO - [2026-02-01T17:52:38.088+0000] {dagbag.py:545} INFO - Filling up the DagBag from /opt/airflow/dags/dag_pets_json.py
[2026-02-01T17:52:38.162+0000] {processor.py:840} INFO - DAG(s) 'dag_pets_json' retrieved from /opt/airflow/dags/dag_pets_json.py
[2026-02-01T17:52:38.206+0000] {logging_mixin.py:188} INFO - [2026-02-01T17:52:38.205+0000] {dag.py:3089} INFO - Sync 1 DAGs
[2026-02-01T17:52:38.215+0000] {logging_mixin.py:188} INFO - [2026-02-01T17:52:38.215+0000] {dag.py:3947} INFO - Setting next_dagrun for dag_pets_json to None, run_after=None
[2026-02-01T17:52:38.234+0000] {processor.py:183} INFO - Processing /opt/airflow/dags/dag_pets_json.py took 0.159 seconds
[2026-02-01T17:53:08.497+0000] {processor.py:161} INFO - Started process (PID=54) to work on /opt/airflow/dags/dag_pets_json.py
[2026-02-01T17:53:08.498+0000] {processor.py:830} INFO - Processing file /opt/airflow/dags/dag_pets_json.py for tasks to queue
[2026-02-01T17:53:08.501+0000] {logging_mixin.py:188} INFO - [2026-02-01T17:53:08.501+0000] {dagbag.py:545} INFO - Filling up the DagBag from /opt/airflow/dags/dag_pets_json.py
[2026-02-01T17:53:08.548+0000] {processor.py:840} INFO - DAG(s) 'dag_pets_json' retrieved from /opt/airflow/dags/dag_pets_json.py
[2026-02-01T17:53:08.567+0000] {logging_mixin.py:188} INFO - [2026-02-01T17:53:08.567+0000] {dag.py:3089} INFO - Sync 1 DAGs
[2026-02-01T17:53:08.575+0000] {logging_mixin.py:188} INFO - [2026-02-01T17:53:08.575+0000] {dag.py:3947} INFO - Setting next_dagrun for dag_pets_json to None, run_after=None
[2026-02-01T17:53:08.597+0000] {processor.py:183} INFO - Processing /opt/airflow/dags/dag_pets_json.py took 0.110 seconds
[2026-02-01T17:53:38.877+0000] {processor.py:161} INFO - Started process (PID=55) to work on /opt/airflow/dags/dag_pets_json.py
[2026-02-01T17:53:38.878+0000] {processor.py:830} INFO - Processing file /opt/airflow/dags/dag_pets_json.py for tasks to queue
[2026-02-01T17:53:38.879+0000] {logging_mixin.py:188} INFO - [2026-02-01T17:53:38.879+0000] {dagbag.py:545} INFO - Filling up the DagBag from /opt/airflow/dags/dag_pets_json.py
[2026-02-01T17:53:38.940+0000] {processor.py:840} INFO - DAG(s) 'dag_pets_json' retrieved from /opt/airflow/dags/dag_pets_json.py
[2026-02-01T17:53:38.980+0000] {logging_mixin.py:188} INFO - [2026-02-01T17:53:38.980+0000] {dag.py:3089} INFO - Sync 1 DAGs
[2026-02-01T17:53:38.993+0000] {logging_mixin.py:188} INFO - [2026-02-01T17:53:38.993+0000] {dag.py:3947} INFO - Setting next_dagrun for dag_pets_json to None, run_after=None
[2026-02-01T17:53:39.016+0000] {processor.py:183} INFO - Processing /opt/airflow/dags/dag_pets_json.py took 0.145 seconds
[2026-02-01T17:54:09.215+0000] {processor.py:161} INFO - Started process (PID=56) to work on /opt/airflow/dags/dag_pets_json.py
[2026-02-01T17:54:09.217+0000] {processor.py:830} INFO - Processing file /opt/airflow/dags/dag_pets_json.py for tasks to queue
[2026-02-01T17:54:09.221+0000] {logging_mixin.py:188} INFO - [2026-02-01T17:54:09.220+0000] {dagbag.py:545} INFO - Filling up the DagBag from /opt/airflow/dags/dag_pets_json.py
[2026-02-01T17:54:09.280+0000] {processor.py:840} INFO - DAG(s) 'dag_pets_json' retrieved from /opt/airflow/dags/dag_pets_json.py
[2026-02-01T17:54:09.308+0000] {logging_mixin.py:188} INFO - [2026-02-01T17:54:09.308+0000] {dag.py:3089} INFO - Sync 1 DAGs
[2026-02-01T17:54:09.322+0000] {logging_mixin.py:188} INFO - [2026-02-01T17:54:09.322+0000] {dag.py:3947} INFO - Setting next_dagrun for dag_pets_json to None, run_after=None
[2026-02-01T17:54:09.340+0000] {processor.py:183} INFO - Processing /opt/airflow/dags/dag_pets_json.py took 0.135 seconds
[2026-02-01T17:54:39.657+0000] {processor.py:161} INFO - Started process (PID=57) to work on /opt/airflow/dags/dag_pets_json.py
[2026-02-01T17:54:39.659+0000] {processor.py:830} INFO - Processing file /opt/airflow/dags/dag_pets_json.py for tasks to queue
[2026-02-01T17:54:39.662+0000] {logging_mixin.py:188} INFO - [2026-02-01T17:54:39.661+0000] {dagbag.py:545} INFO - Filling up the DagBag from /opt/airflow/dags/dag_pets_json.py
[2026-02-01T17:54:39.734+0000] {processor.py:840} INFO - DAG(s) 'dag_pets_json' retrieved from /opt/airflow/dags/dag_pets_json.py
[2026-02-01T17:54:39.774+0000] {logging_mixin.py:188} INFO - [2026-02-01T17:54:39.774+0000] {dag.py:3089} INFO - Sync 1 DAGs
[2026-02-01T17:54:39.793+0000] {logging_mixin.py:188} INFO - [2026-02-01T17:54:39.793+0000] {dag.py:3947} INFO - Setting next_dagrun for dag_pets_json to None, run_after=None
[2026-02-01T17:54:39.828+0000] {processor.py:183} INFO - Processing /opt/airflow/dags/dag_pets_json.py took 0.179 seconds
[2026-02-01T17:55:09.983+0000] {processor.py:161} INFO - Started process (PID=58) to work on /opt/airflow/dags/dag_pets_json.py
[2026-02-01T17:55:09.985+0000] {processor.py:830} INFO - Processing file /opt/airflow/dags/dag_pets_json.py for tasks to queue
[2026-02-01T17:55:09.989+0000] {logging_mixin.py:188} INFO - [2026-02-01T17:55:09.988+0000] {dagbag.py:545} INFO - Filling up the DagBag from /opt/airflow/dags/dag_pets_json.py
[2026-02-01T17:55:10.067+0000] {processor.py:840} INFO - DAG(s) 'dag_pets_json' retrieved from /opt/airflow/dags/dag_pets_json.py
[2026-02-01T17:55:10.094+0000] {logging_mixin.py:188} INFO - [2026-02-01T17:55:10.093+0000] {dag.py:3089} INFO - Sync 1 DAGs
[2026-02-01T17:55:10.103+0000] {logging_mixin.py:188} INFO - [2026-02-01T17:55:10.103+0000] {dag.py:3947} INFO - Setting next_dagrun for dag_pets_json to None, run_after=None
[2026-02-01T17:55:10.124+0000] {processor.py:183} INFO - Processing /opt/airflow/dags/dag_pets_json.py took 0.151 seconds
[2026-02-01T17:55:40.393+0000] {processor.py:161} INFO - Started process (PID=59) to work on /opt/airflow/dags/dag_pets_json.py
[2026-02-01T17:55:40.394+0000] {processor.py:830} INFO - Processing file /opt/airflow/dags/dag_pets_json.py for tasks to queue
[2026-02-01T17:55:40.398+0000] {logging_mixin.py:188} INFO - [2026-02-01T17:55:40.397+0000] {dagbag.py:545} INFO - Filling up the DagBag from /opt/airflow/dags/dag_pets_json.py
[2026-02-01T17:55:40.467+0000] {processor.py:840} INFO - DAG(s) 'dag_pets_json' retrieved from /opt/airflow/dags/dag_pets_json.py
[2026-02-01T17:55:40.491+0000] {logging_mixin.py:188} INFO - [2026-02-01T17:55:40.491+0000] {dag.py:3089} INFO - Sync 1 DAGs
[2026-02-01T17:55:40.501+0000] {logging_mixin.py:188} INFO - [2026-02-01T17:55:40.500+0000] {dag.py:3947} INFO - Setting next_dagrun for dag_pets_json to None, run_after=None
[2026-02-01T17:55:40.521+0000] {processor.py:183} INFO - Processing /opt/airflow/dags/dag_pets_json.py took 0.136 seconds
[2026-02-01T17:56:10.822+0000] {processor.py:161} INFO - Started process (PID=60) to work on /opt/airflow/dags/dag_pets_json.py
[2026-02-01T17:56:10.823+0000] {processor.py:830} INFO - Processing file /opt/airflow/dags/dag_pets_json.py for tasks to queue
[2026-02-01T17:56:10.826+0000] {logging_mixin.py:188} INFO - [2026-02-01T17:56:10.826+0000] {dagbag.py:545} INFO - Filling up the DagBag from /opt/airflow/dags/dag_pets_json.py
[2026-02-01T17:56:10.898+0000] {processor.py:840} INFO - DAG(s) 'dag_pets_json' retrieved from /opt/airflow/dags/dag_pets_json.py
[2026-02-01T17:56:10.935+0000] {logging_mixin.py:188} INFO - [2026-02-01T17:56:10.935+0000] {dag.py:3089} INFO - Sync 1 DAGs
[2026-02-01T17:56:10.946+0000] {logging_mixin.py:188} INFO - [2026-02-01T17:56:10.946+0000] {dag.py:3947} INFO - Setting next_dagrun for dag_pets_json to None, run_after=None
[2026-02-01T17:56:10.984+0000] {processor.py:183} INFO - Processing /opt/airflow/dags/dag_pets_json.py took 0.170 seconds
[2026-02-01T17:56:41.258+0000] {processor.py:161} INFO - Started process (PID=61) to work on /opt/airflow/dags/dag_pets_json.py
[2026-02-01T17:56:41.260+0000] {processor.py:830} INFO - Processing file /opt/airflow/dags/dag_pets_json.py for tasks to queue
[2026-02-01T17:56:41.263+0000] {logging_mixin.py:188} INFO - [2026-02-01T17:56:41.263+0000] {dagbag.py:545} INFO - Filling up the DagBag from /opt/airflow/dags/dag_pets_json.py
[2026-02-01T17:56:41.341+0000] {processor.py:840} INFO - DAG(s) 'dag_pets_json' retrieved from /opt/airflow/dags/dag_pets_json.py
[2026-02-01T17:56:41.368+0000] {logging_mixin.py:188} INFO - [2026-02-01T17:56:41.368+0000] {dag.py:3089} INFO - Sync 1 DAGs
[2026-02-01T17:56:41.379+0000] {logging_mixin.py:188} INFO - [2026-02-01T17:56:41.379+0000] {dag.py:3947} INFO - Setting next_dagrun for dag_pets_json to None, run_after=None
[2026-02-01T17:56:41.403+0000] {processor.py:183} INFO - Processing /opt/airflow/dags/dag_pets_json.py took 0.154 seconds
[2026-02-01T17:57:11.693+0000] {processor.py:161} INFO - Started process (PID=62) to work on /opt/airflow/dags/dag_pets_json.py
[2026-02-01T17:57:11.694+0000] {processor.py:830} INFO - Processing file /opt/airflow/dags/dag_pets_json.py for tasks to queue
[2026-02-01T17:57:11.698+0000] {logging_mixin.py:188} INFO - [2026-02-01T17:57:11.698+0000] {dagbag.py:545} INFO - Filling up the DagBag from /opt/airflow/dags/dag_pets_json.py
[2026-02-01T17:57:11.820+0000] {processor.py:840} INFO - DAG(s) 'dag_pets_json' retrieved from /opt/airflow/dags/dag_pets_json.py
[2026-02-01T17:57:11.853+0000] {logging_mixin.py:188} INFO - [2026-02-01T17:57:11.853+0000] {dag.py:3089} INFO - Sync 1 DAGs
[2026-02-01T17:57:11.873+0000] {logging_mixin.py:188} INFO - [2026-02-01T17:57:11.873+0000] {dag.py:3947} INFO - Setting next_dagrun for dag_pets_json to None, run_after=None
[2026-02-01T17:57:11.924+0000] {processor.py:183} INFO - Processing /opt/airflow/dags/dag_pets_json.py took 0.241 seconds
[2026-02-01T17:57:42.077+0000] {processor.py:161} INFO - Started process (PID=63) to work on /opt/airflow/dags/dag_pets_json.py
[2026-02-01T17:57:42.079+0000] {processor.py:830} INFO - Processing file /opt/airflow/dags/dag_pets_json.py for tasks to queue
[2026-02-01T17:57:42.083+0000] {logging_mixin.py:188} INFO - [2026-02-01T17:57:42.083+0000] {dagbag.py:545} INFO - Filling up the DagBag from /opt/airflow/dags/dag_pets_json.py
[2026-02-01T17:57:42.169+0000] {processor.py:840} INFO - DAG(s) 'dag_pets_json' retrieved from /opt/airflow/dags/dag_pets_json.py
[2026-02-01T17:57:42.219+0000] {logging_mixin.py:188} INFO - [2026-02-01T17:57:42.218+0000] {dag.py:3089} INFO - Sync 1 DAGs
[2026-02-01T17:57:42.241+0000] {logging_mixin.py:188} INFO - [2026-02-01T17:57:42.241+0000] {dag.py:3947} INFO - Setting next_dagrun for dag_pets_json to None, run_after=None
[2026-02-01T17:57:42.281+0000] {processor.py:183} INFO - Processing /opt/airflow/dags/dag_pets_json.py took 0.214 seconds
[2026-02-01T17:58:12.682+0000] {processor.py:161} INFO - Started process (PID=64) to work on /opt/airflow/dags/dag_pets_json.py
[2026-02-01T17:58:12.684+0000] {processor.py:830} INFO - Processing file /opt/airflow/dags/dag_pets_json.py for tasks to queue
[2026-02-01T17:58:12.690+0000] {logging_mixin.py:188} INFO - [2026-02-01T17:58:12.690+0000] {dagbag.py:545} INFO - Filling up the DagBag from /opt/airflow/dags/dag_pets_json.py
[2026-02-01T17:58:12.790+0000] {processor.py:840} INFO - DAG(s) 'dag_pets_json' retrieved from /opt/airflow/dags/dag_pets_json.py
[2026-02-01T17:58:12.819+0000] {logging_mixin.py:188} INFO - [2026-02-01T17:58:12.819+0000] {dag.py:3089} INFO - Sync 1 DAGs
[2026-02-01T17:58:12.831+0000] {logging_mixin.py:188} INFO - [2026-02-01T17:58:12.831+0000] {dag.py:3947} INFO - Setting next_dagrun for dag_pets_json to None, run_after=None
[2026-02-01T17:58:12.857+0000] {processor.py:183} INFO - Processing /opt/airflow/dags/dag_pets_json.py took 0.186 seconds
[2026-02-01T17:58:43.017+0000] {processor.py:161} INFO - Started process (PID=65) to work on /opt/airflow/dags/dag_pets_json.py
[2026-02-01T17:58:43.019+0000] {processor.py:830} INFO - Processing file /opt/airflow/dags/dag_pets_json.py for tasks to queue
[2026-02-01T17:58:43.024+0000] {logging_mixin.py:188} INFO - [2026-02-01T17:58:43.023+0000] {dagbag.py:545} INFO - Filling up the DagBag from /opt/airflow/dags/dag_pets_json.py
[2026-02-01T17:58:43.111+0000] {processor.py:840} INFO - DAG(s) 'dag_pets_json' retrieved from /opt/airflow/dags/dag_pets_json.py
[2026-02-01T17:58:43.164+0000] {logging_mixin.py:188} INFO - [2026-02-01T17:58:43.164+0000] {dag.py:3089} INFO - Sync 1 DAGs
[2026-02-01T17:58:43.185+0000] {logging_mixin.py:188} INFO - [2026-02-01T17:58:43.185+0000] {dag.py:3947} INFO - Setting next_dagrun for dag_pets_json to None, run_after=None
[2026-02-01T17:58:43.216+0000] {processor.py:183} INFO - Processing /opt/airflow/dags/dag_pets_json.py took 0.211 seconds
[2026-02-01T17:59:13.459+0000] {processor.py:161} INFO - Started process (PID=66) to work on /opt/airflow/dags/dag_pets_json.py
[2026-02-01T17:59:13.460+0000] {processor.py:830} INFO - Processing file /opt/airflow/dags/dag_pets_json.py for tasks to queue
[2026-02-01T17:59:13.462+0000] {logging_mixin.py:188} INFO - [2026-02-01T17:59:13.462+0000] {dagbag.py:545} INFO - Filling up the DagBag from /opt/airflow/dags/dag_pets_json.py
[2026-02-01T17:59:13.500+0000] {processor.py:840} INFO - DAG(s) 'dag_pets_json' retrieved from /opt/airflow/dags/dag_pets_json.py
[2026-02-01T17:59:13.524+0000] {logging_mixin.py:188} INFO - [2026-02-01T17:59:13.523+0000] {dag.py:3089} INFO - Sync 1 DAGs
[2026-02-01T17:59:13.533+0000] {logging_mixin.py:188} INFO - [2026-02-01T17:59:13.533+0000] {dag.py:3947} INFO - Setting next_dagrun for dag_pets_json to None, run_after=None
[2026-02-01T17:59:13.551+0000] {processor.py:183} INFO - Processing /opt/airflow/dags/dag_pets_json.py took 0.098 seconds
[2026-02-01T18:00:18.015+0000] {processor.py:161} INFO - Started process (PID=49) to work on /opt/airflow/dags/dag_pets_json.py
[2026-02-01T18:00:18.016+0000] {processor.py:830} INFO - Processing file /opt/airflow/dags/dag_pets_json.py for tasks to queue
[2026-02-01T18:00:18.017+0000] {logging_mixin.py:188} INFO - [2026-02-01T18:00:18.017+0000] {dagbag.py:545} INFO - Filling up the DagBag from /opt/airflow/dags/dag_pets_json.py
[2026-02-01T18:00:18.115+0000] {processor.py:840} INFO - DAG(s) 'dag_pets_json' retrieved from /opt/airflow/dags/dag_pets_json.py
[2026-02-01T18:00:18.145+0000] {logging_mixin.py:188} INFO - [2026-02-01T18:00:18.145+0000] {dag.py:3089} INFO - Sync 1 DAGs
[2026-02-01T18:00:18.156+0000] {logging_mixin.py:188} INFO - [2026-02-01T18:00:18.156+0000] {dag.py:3947} INFO - Setting next_dagrun for dag_pets_json to None, run_after=None
[2026-02-01T18:00:18.177+0000] {processor.py:183} INFO - Processing /opt/airflow/dags/dag_pets_json.py took 0.169 seconds
[2026-02-01T18:00:48.400+0000] {processor.py:161} INFO - Started process (PID=83) to work on /opt/airflow/dags/dag_pets_json.py
[2026-02-01T18:00:48.402+0000] {processor.py:830} INFO - Processing file /opt/airflow/dags/dag_pets_json.py for tasks to queue
[2026-02-01T18:00:48.406+0000] {logging_mixin.py:188} INFO - [2026-02-01T18:00:48.406+0000] {dagbag.py:545} INFO - Filling up the DagBag from /opt/airflow/dags/dag_pets_json.py
[2026-02-01T18:00:48.486+0000] {processor.py:840} INFO - DAG(s) 'dag_pets_json' retrieved from /opt/airflow/dags/dag_pets_json.py
[2026-02-01T18:00:48.697+0000] {logging_mixin.py:188} INFO - [2026-02-01T18:00:48.697+0000] {dag.py:3089} INFO - Sync 1 DAGs
[2026-02-01T18:00:48.704+0000] {logging_mixin.py:188} INFO - [2026-02-01T18:00:48.704+0000] {dag.py:3947} INFO - Setting next_dagrun for dag_pets_json to None, run_after=None
[2026-02-01T18:00:48.725+0000] {processor.py:183} INFO - Processing /opt/airflow/dags/dag_pets_json.py took 0.334 seconds
[2026-02-01T18:01:18.848+0000] {processor.py:161} INFO - Started process (PID=84) to work on /opt/airflow/dags/dag_pets_json.py
[2026-02-01T18:01:18.850+0000] {processor.py:830} INFO - Processing file /opt/airflow/dags/dag_pets_json.py for tasks to queue
[2026-02-01T18:01:18.852+0000] {logging_mixin.py:188} INFO - [2026-02-01T18:01:18.852+0000] {dagbag.py:545} INFO - Filling up the DagBag from /opt/airflow/dags/dag_pets_json.py
[2026-02-01T18:01:18.910+0000] {processor.py:840} INFO - DAG(s) 'dag_pets_json' retrieved from /opt/airflow/dags/dag_pets_json.py
[2026-02-01T18:01:18.935+0000] {logging_mixin.py:188} INFO - [2026-02-01T18:01:18.935+0000] {dag.py:3089} INFO - Sync 1 DAGs
[2026-02-01T18:01:18.945+0000] {logging_mixin.py:188} INFO - [2026-02-01T18:01:18.945+0000] {dag.py:3947} INFO - Setting next_dagrun for dag_pets_json to None, run_after=None
[2026-02-01T18:01:18.968+0000] {processor.py:183} INFO - Processing /opt/airflow/dags/dag_pets_json.py took 0.125 seconds
[2026-02-01T18:01:49.208+0000] {processor.py:161} INFO - Started process (PID=85) to work on /opt/airflow/dags/dag_pets_json.py
[2026-02-01T18:01:49.210+0000] {processor.py:830} INFO - Processing file /opt/airflow/dags/dag_pets_json.py for tasks to queue
[2026-02-01T18:01:49.214+0000] {logging_mixin.py:188} INFO - [2026-02-01T18:01:49.214+0000] {dagbag.py:545} INFO - Filling up the DagBag from /opt/airflow/dags/dag_pets_json.py
[2026-02-01T18:01:49.286+0000] {processor.py:840} INFO - DAG(s) 'dag_pets_json' retrieved from /opt/airflow/dags/dag_pets_json.py
[2026-02-01T18:01:49.319+0000] {logging_mixin.py:188} INFO - [2026-02-01T18:01:49.318+0000] {dag.py:3089} INFO - Sync 1 DAGs
[2026-02-01T18:01:49.336+0000] {logging_mixin.py:188} INFO - [2026-02-01T18:01:49.335+0000] {dag.py:3947} INFO - Setting next_dagrun for dag_pets_json to None, run_after=None
[2026-02-01T18:01:49.370+0000] {processor.py:183} INFO - Processing /opt/airflow/dags/dag_pets_json.py took 0.171 seconds
